<?xml version="1.0" encoding="UTF-8"?>
<!-- Generated by org.testng.reporters.JUnitXMLReporter -->
<testsuite ignored="0" hostname="DESKTOP-804QMC6" failures="0" tests="3" name="Test" time="30.406" errors="0" timestamp="2022-07-09T12:44:38 IST">
  <testcase classname="TestCases.ParallelTesting" name="openGroww" time="12.713"/>
  <testcase classname="TestCases.ParallelTesting" name="openUpstox" time="27.771"/>
  <testcase classname="TestCases.ParallelTesting" name="openZerodha" time="30.297"/>
</testsuite> <!-- Test -->
